SF:lib/src/shared/tools/currency_input_formatter.dart
DA:6,3
DA:9,3
DA:14,1
DA:19,3
DA:21,5
DA:22,0
DA:23,0
DA:24,0
DA:26,0
DA:29,0
DA:31,0
DA:32,0
DA:33,0
DA:34,0
DA:37,0
DA:39,0
DA:42,0
DA:44,0
DA:48,3
DA:52,2
DA:53,0
DA:56,1
DA:58,2
DA:59,1
DA:60,2
DA:61,1
DA:64,1
DA:65,1
DA:66,2
DA:69,0
DA:70,0
DA:71,0
DA:75,1
DA:77,2
DA:81,0
DA:86,0
DA:87,0
DA:90,0
DA:93,0
DA:98,0
DA:103,0
DA:104,0
DA:106,0
DA:109,1
DA:114,1
DA:116,1
DA:119,0
DA:120,0
DA:122,0
DA:123,0
DA:124,0
DA:125,0
LF:52
LH:20
end_of_record
SF:lib/src/shared/tools/format_functions.dart
DA:4,0
DA:9,0
DA:10,0
DA:13,0
DA:16,0
DA:21,0
DA:26,0
DA:27,0
DA:29,0
DA:32,1
DA:37,1
DA:39,1
DA:42,0
DA:43,0
DA:45,0
DA:46,0
DA:47,0
DA:48,0
LF:18
LH:3
end_of_record
SF:lib/src/widgets/home/appbar_widget.dart
DA:5,9
DA:7,2
DA:8,2
DA:12,2
DA:13,2
LF:5
LH:5
end_of_record
SF:lib/src/features/home/home_page.dart
DA:11,1
DA:13,1
DA:14,1
DA:18,1
DA:19,1
DA:21,1
DA:22,1
DA:23,1
DA:24,1
DA:27,1
DA:29,1
DA:30,1
DA:31,1
DA:33,1
DA:34,1
DA:36,1
DA:40,1
DA:41,1
DA:42,1
DA:47,1
DA:65,1
DA:67,1
DA:69,1
DA:71,1
DA:72,1
DA:82,1
DA:107,1
DA:116,1
DA:136,1
DA:138,0
DA:140,1
DA:142,0
DA:144,1
DA:146,1
DA:147,2
DA:148,1
DA:149,1
DA:167,2
DA:168,1
DA:187,1
DA:205,2
DA:210,1
LF:42
LH:40
end_of_record
SF:lib/src/widgets/home/balance_widget.dart
DA:4,9
DA:11,2
DA:12,2
DA:16,2
DA:17,2
DA:19,2
DA:20,2
DA:22,2
DA:23,4
LF:9
LH:9
end_of_record
SF:lib/src/widgets/home/main_card_widget.dart
DA:6,9
DA:21,2
DA:22,2
DA:23,2
DA:24,2
DA:26,2
DA:27,2
DA:28,2
DA:30,1
DA:31,2
DA:33,2
DA:34,2
DA:36,2
DA:40,2
DA:43,2
DA:44,2
DA:52,2
DA:54,2
DA:55,2
DA:56,2
DA:57,2
DA:58,2
DA:60,2
LF:23
LH:23
end_of_record
SF:lib/src/widgets/home/options_card_widget.dart
DA:6,2
DA:15,2
DA:16,2
DA:18,2
DA:19,2
DA:20,2
DA:22,2
DA:23,2
DA:24,2
DA:26,2
DA:27,2
DA:28,2
DA:29,2
LF:13
LH:13
end_of_record
SF:lib/src/widgets/home/sub_card_widget.dart
DA:6,9
DA:17,2
DA:18,2
DA:19,2
DA:20,2
DA:22,2
DA:23,2
DA:24,2
DA:26,1
DA:27,2
DA:31,2
DA:32,2
DA:33,2
DA:38,2
DA:39,2
DA:40,2
DA:43,2
DA:44,2
LF:18
LH:18
end_of_record
SF:lib/src/features/limits/pix_limits_page.dart
DA:7,9
DA:9,2
DA:10,2
DA:28,2
DA:30,2
DA:32,4
DA:33,4
DA:35,4
DA:36,4
DA:38,4
DA:39,4
DA:40,4
DA:41,4
DA:44,2
DA:45,2
DA:46,2
DA:52,2
DA:54,2
DA:55,2
DA:56,2
DA:57,2
DA:60,2
DA:62,2
DA:63,2
DA:64,2
DA:67,2
DA:68,2
DA:71,2
DA:86,2
DA:89,2
DA:90,2
DA:92,2
DA:95,2
DA:96,2
DA:105,2
DA:107,2
DA:109,2
DA:121,2
DA:125,2
DA:130,2
DA:133,2
DA:142,2
DA:148,2
DA:150,2
DA:152,2
DA:153,2
DA:157,2
DA:168,2
DA:171,6
DA:180,2
DA:188,2
DA:189,2
DA:206,4
DA:208,2
DA:209,2
DA:210,2
DA:211,2
DA:212,1
DA:213,4
DA:214,2
DA:215,2
DA:218,2
DA:219,2
DA:222,2
DA:225,2
DA:226,2
DA:227,2
DA:231,2
DA:232,2
DA:233,6
DA:254,2
DA:256,4
DA:257,4
DA:258,4
DA:259,4
DA:261,2
LF:76
LH:76
end_of_record
SF:lib/src/widgets/limits/date_time_field_widget.dart
DA:8,9
DA:10,3
DA:11,3
DA:14,3
DA:15,3
DA:18,3
DA:20,3
DA:22,3
DA:23,3
DA:26,3
DA:27,3
DA:29,3
DA:31,3
DA:43,3
DA:46,3
DA:47,3
DA:48,3
DA:50,3
DA:54,3
DA:55,3
DA:71,1
DA:72,1
DA:75,1
DA:77,0
DA:81,0
DA:86,3
DA:87,3
DA:89,3
DA:93,3
DA:94,3
DA:110,1
DA:111,1
DA:114,1
DA:116,0
DA:120,0
LF:35
LH:31
end_of_record
